\BOOKMARK [1][-]{section.1}{Introduction}{}% 1
\BOOKMARK [1][-]{section.2}{The Heavy Photon Search Experiment}{}% 2
\BOOKMARK [2][-]{subsection.2.1}{Electromagnetic Calorimeter Trigger}{section.2}% 3
\BOOKMARK [2][-]{subsection.2.2}{The Silicon Vertex Tracking Detector}{section.2}% 4
\BOOKMARK [1][-]{section.3}{Data Acquisition System}{}% 5
\BOOKMARK [2][-]{subsection.3.1}{Overview}{section.3}% 6
\BOOKMARK [2][-]{subsection.3.2}{Sensors and Front-End Readout}{section.3}% 7
\BOOKMARK [2][-]{subsection.3.3}{Hybrid}{section.3}% 8
\BOOKMARK [2][-]{subsection.3.4}{Front End Board}{section.3}% 9
\BOOKMARK [2][-]{subsection.3.5}{Flange Board}{section.3}% 10
\BOOKMARK [2][-]{subsection.3.6}{RCE Platform}{section.3}% 11
\BOOKMARK [3][-]{subsubsection.3.6.1}{Overview}{subsection.3.6}% 12
\BOOKMARK [3][-]{subsubsection.3.6.2}{Layout and Data Flow}{subsection.3.6}% 13
\BOOKMARK [3][-]{subsubsection.3.6.3}{Data Processing}{subsection.3.6}% 14
\BOOKMARK [3][-]{subsubsection.3.6.4}{Timing Distribution}{subsection.3.6}% 15
\BOOKMARK [3][-]{subsubsection.3.6.5}{Control and Monitoring}{subsection.3.6}% 16
\BOOKMARK [1][-]{section.4}{Integration with the JLab Data Acquisition}{}% 17
\BOOKMARK [2][-]{subsection.4.1}{Overview}{section.4}% 18
\BOOKMARK [2][-]{subsection.4.2}{Trigger and Timing Interface}{section.4}% 19
\BOOKMARK [2][-]{subsection.4.3}{Event Building}{section.4}% 20
\BOOKMARK [2][-]{subsection.4.4}{Operation}{section.4}% 21
\BOOKMARK [1][-]{section.5}{Performance}{}% 22
\BOOKMARK [1][-]{section.6}{Summary}{}% 23
\BOOKMARK [1][-]{section.7}{Acknowledgements}{}% 24
